<?xml version="1.0" encoding="UTF-8"?>
<!-- Generated by org.testng.reporters.JUnitReportReporter -->
<testsuite hostname="LAPTOP-B7J48FNR" failures="0" tests="2" name="com.FrameLearn.test.E2ETest" time="63.341" errors="0" timestamp="2024-07-02T12:27:19 IST" skipped="0">
  <testcase classname="com.FrameLearn.test.E2ETest" name="orderplacement" time="28.913"/>
  <testcase classname="com.FrameLearn.test.E2ETest" name="orderplacement" time="34.428"/>
</testsuite> <!-- com.FrameLearn.test.E2ETest -->
