<?xml version="1.0" encoding="UTF-8"?>
<!-- Generated by org.testng.reporters.JUnitReportReporter -->
<testsuite hostname="LAPTOP-B7J48FNR" failures="0" tests="1" name="com.FrameLearn.test.ErrorValidation" time="13.178" errors="0" timestamp="2024-07-01T13:51:33 IST" skipped="0">
  <testcase classname="com.FrameLearn.test.ErrorValidation" name="incorrectLogin" time="13.178"/>
</testsuite> <!-- com.FrameLearn.test.ErrorValidation -->
