<?xml version="1.0" encoding="UTF-8"?>
<!-- Generated by org.testng.reporters.JUnitReportReporter -->
<testsuite hostname="LAPTOP-B7J48FNR" failures="0" tests="3" name="com.FrameLearn.test.E2ETest" time="64.675" errors="0" timestamp="2024-07-02T17:41:45 IST" skipped="0">
  <testcase classname="com.FrameLearn.test.E2ETest" name="VerifyOrderHistory" time="12.039"/>
  <testcase classname="com.FrameLearn.test.E2ETest" name="orderplacement" time="34.523"/>
  <testcase classname="com.FrameLearn.test.E2ETest" name="orderplacement" time="18.113"/>
</testsuite> <!-- com.FrameLearn.test.E2ETest -->
